Compiling the CXX compiler identification source file "CMakeCXXCompilerId.cpp" failed.
Compiler: /usr/bin/x86_64-linux-gnu-g++-11 
Build flags: "-w"
Id flags:  

The output was:
1
/usr/bin/ld: cannot find "-w": No such file or directory
collect2: error: ld returned 1 exit status


Compiling the CXX compiler identification source file "CMakeCXXCompilerId.cpp" failed.
Compiler: /usr/bin/x86_64-linux-gnu-g++-11 
Build flags: "-w"
Id flags: -c 

The output was:
1
x86_64-linux-gnu-g++-11: warning: "-w": linker input file unused because linking not done
x86_64-linux-gnu-g++-11: error: "-w": linker input file not found: No such file or directory


Compiling the CXX compiler identification source file "CMakeCXXCompilerId.cpp" failed.
Compiler: /usr/bin/x86_64-linux-gnu-g++-11 
Build flags: "-w"
Id flags: --c++ 

The output was:
1
x86_64-linux-gnu-g++-11: error: unrecognized command-line option ‘--c++’


Compiling the CXX compiler identification source file "CMakeCXXCompilerId.cpp" failed.
Compiler: /usr/bin/x86_64-linux-gnu-g++-11 
Build flags: "-w"
Id flags: --ec++ 

The output was:
1
x86_64-linux-gnu-g++-11: error: unrecognized command-line option ‘--ec++’; did you mean ‘-Weffc++’?


Compiling the CXX compiler identification source file "CMakeCXXCompilerId.cpp" failed.
Compiler: /usr/bin/x86_64-linux-gnu-g++-11 
Build flags: "-w"
Id flags: --target=arm-arm-none-eabi;-mcpu=cortex-m3 

The output was:
1
x86_64-linux-gnu-g++-11: warning: ‘-mcpu=’ is deprecated; use ‘-mtune=’ or ‘-march=’ instead
x86_64-linux-gnu-g++-11: error: unrecognized command-line option ‘--target=arm-arm-none-eabi’


Compiling the CXX compiler identification source file "CMakeCXXCompilerId.cpp" failed.
Compiler: /usr/bin/x86_64-linux-gnu-g++-11 
Build flags: "-w"
Id flags: -c;-I__does_not_exist__ 

The output was:
1
x86_64-linux-gnu-g++-11: warning: "-w": linker input file unused because linking not done
x86_64-linux-gnu-g++-11: error: "-w": linker input file not found: No such file or directory


